<?xml version="1.0" encoding="UTF-8"?>
<!-- Generated by org.testng.reporters.JUnitReportReporter -->
<testsuite hostname="Swathi-PC" name="SSMTestCases.logi2" tests="1" failures="0" timestamp="16 Jan 2017 08:13:24 GMT" time="0.017" errors="0">
  <testcase name="letsdo" time="0.017" classname="SSMTestCases.logi2"/>
</testsuite> <!-- SSMTestCases.logi2 -->
