<?xml version="1.0" encoding="UTF-8"?>
<!-- Generated by org.testng.reporters.JUnitReportReporter -->
<testsuite hostname="Swathi-PC" name="SSMTestCases.LoginValidation" tests="1" failures="0" timestamp="16 Jan 2017 08:09:27 GMT" time="25.716" errors="0">
  <testcase name="Fedloginwithvalidusernameandpassword" time="25.716" classname="SSMTestCases.LoginValidation"/>
</testsuite> <!-- SSMTestCases.LoginValidation -->
